0 info it worked if it ends with ok
1 verbose cli [ 'D:\\Program Files\\Unity\\Editor\\Data\\Tools\\nodejs\\\\node.exe',
1 verbose cli   'D:\\Program Files\\Unity\\Editor\\Data\\Tools\\nodejs\\node_modules\\npm\\bin\\npm-cli.js',
1 verbose cli   'install',
1 verbose cli   'unity-editor-home-0.0.7.tgz',
1 verbose cli   'unityeditor-cloud-hub-0.0.1.tgz',
1 verbose cli   '--cache=./.npm',
1 verbose cli   '--json' ]
2 info using npm@3.3.3
3 info using node@v0.12.7
4 silly loadCurrentTree Starting
5 silly install loadCurrentTree
6 silly install readLocalPackageData
7 silly fetchPackageMetaData unity-editor-home-0.0.7.tgz
8 silly fetchPackageMetaData unityeditor-cloud-hub-0.0.1.tgz
9 silly fetchNamedPackageData unity-editor-home-0.0.7.tgz
10 silly mapToRegistry name unity-editor-home-0.0.7.tgz
11 silly mapToRegistry using default registry
12 silly mapToRegistry registry https://registry.npmjs.org/
13 silly mapToRegistry uri https://registry.npmjs.org/unity-editor-home-0.0.7.tgz
14 silly fetchNamedPackageData unityeditor-cloud-hub-0.0.1.tgz
15 silly mapToRegistry name unityeditor-cloud-hub-0.0.1.tgz
16 silly mapToRegistry using default registry
17 silly mapToRegistry registry https://registry.npmjs.org/
18 silly mapToRegistry uri https://registry.npmjs.org/unityeditor-cloud-hub-0.0.1.tgz
19 verbose request uri https://registry.npmjs.org/unity-editor-home-0.0.7.tgz
20 verbose request no auth needed
21 info attempt registry request try #1 at 18:13:14
22 verbose request id cb57003af657a636
23 http request GET https://registry.npmjs.org/unity-editor-home-0.0.7.tgz
24 verbose request uri https://registry.npmjs.org/unityeditor-cloud-hub-0.0.1.tgz
25 verbose request no auth needed
26 info attempt registry request try #1 at 18:13:14
27 http request GET https://registry.npmjs.org/unityeditor-cloud-hub-0.0.1.tgz
28 http 404 https://registry.npmjs.org/unity-editor-home-0.0.7.tgz
29 verbose headers { 'content-type': 'application/json',
29 verbose headers   'cache-control': 'max-age=0',
29 verbose headers   'content-length': '39',
29 verbose headers   'accept-ranges': 'bytes',
29 verbose headers   date: 'Wed, 11 Jan 2017 10:13:23 GMT',
29 verbose headers   via: '1.1 varnish',
29 verbose headers   age: '0',
29 verbose headers   connection: 'keep-alive',
29 verbose headers   'x-served-by': 'cache-nrt6131-NRT',
29 verbose headers   'x-cache': 'MISS',
29 verbose headers   'x-cache-hits': '0',
29 verbose headers   'x-timer': 'S1484129601.990875,VS0,VE1434' }
30 silly get cb [ 404,
30 silly get   { 'content-type': 'application/json',
30 silly get     'cache-control': 'max-age=0',
30 silly get     'content-length': '39',
30 silly get     'accept-ranges': 'bytes',
30 silly get     date: 'Wed, 11 Jan 2017 10:13:23 GMT',
30 silly get     via: '1.1 varnish',
30 silly get     age: '0',
30 silly get     connection: 'keep-alive',
30 silly get     'x-served-by': 'cache-nrt6131-NRT',
30 silly get     'x-cache': 'MISS',
30 silly get     'x-cache-hits': '0',
30 silly get     'x-timer': 'S1484129601.990875,VS0,VE1434' } ]
31 silly fetchPackageMetaData Error: package could not be found. : unity-editor-home-0.0.7.tgz
31 silly fetchPackageMetaData     at makeError (D:\Program Files\Unity\Editor\Data\Tools\nodejs\node_modules\npm\node_modules\npm-registry-client\lib\request.js:263:12)
31 silly fetchPackageMetaData     at CachingRegistryClient.<anonymous> (D:\Program Files\Unity\Editor\Data\Tools\nodejs\node_modules\npm\node_modules\npm-registry-client\lib\request.js:251:14)
31 silly fetchPackageMetaData     at Request._callback (D:\Program Files\Unity\Editor\Data\Tools\nodejs\node_modules\npm\node_modules\npm-registry-client\lib\request.js:171:14)
31 silly fetchPackageMetaData     at Request.self.callback (D:\Program Files\Unity\Editor\Data\Tools\nodejs\node_modules\npm\node_modules\request\request.js:198:22)
31 silly fetchPackageMetaData     at Request.emit (events.js:110:17)
31 silly fetchPackageMetaData     at Request.<anonymous> (D:\Program Files\Unity\Editor\Data\Tools\nodejs\node_modules\npm\node_modules\request\request.js:1073:14)
31 silly fetchPackageMetaData     at Request.emit (events.js:129:20)
31 silly fetchPackageMetaData     at IncomingMessage.<anonymous> (D:\Program Files\Unity\Editor\Data\Tools\nodejs\node_modules\npm\node_modules\request\request.js:1019:12)
31 silly fetchPackageMetaData     at IncomingMessage.emit (events.js:129:20)
31 silly fetchPackageMetaData     at _stream_readable.js:908:16
31 silly fetchPackageMetaData  error for unity-editor-home-0.0.7.tgz { [Error: package could not be found. : unity-editor-home-0.0.7.tgz]
31 silly fetchPackageMetaData   pkgid: 'unity-editor-home-0.0.7.tgz',
31 silly fetchPackageMetaData   statusCode: 404,
31 silly fetchPackageMetaData   code: 'E404' }
32 http 404 https://registry.npmjs.org/unityeditor-cloud-hub-0.0.1.tgz
33 verbose headers { 'content-type': 'application/json',
33 verbose headers   'cache-control': 'max-age=0',
33 verbose headers   'content-length': '39',
33 verbose headers   'accept-ranges': 'bytes',
33 verbose headers   date: 'Wed, 11 Jan 2017 10:13:23 GMT',
33 verbose headers   via: '1.1 varnish',
33 verbose headers   age: '0',
33 verbose headers   connection: 'keep-alive',
33 verbose headers   'x-served-by': 'cache-nrt6125-NRT',
33 verbose headers   'x-cache': 'MISS',
33 verbose headers   'x-cache-hits': '0',
33 verbose headers   'x-timer': 'S1484129602.544891,VS0,VE1110' }
34 silly get cb [ 404,
34 silly get   { 'content-type': 'application/json',
34 silly get     'cache-control': 'max-age=0',
34 silly get     'content-length': '39',
34 silly get     'accept-ranges': 'bytes',
34 silly get     date: 'Wed, 11 Jan 2017 10:13:23 GMT',
34 silly get     via: '1.1 varnish',
34 silly get     age: '0',
34 silly get     connection: 'keep-alive',
34 silly get     'x-served-by': 'cache-nrt6125-NRT',
34 silly get     'x-cache': 'MISS',
34 silly get     'x-cache-hits': '0',
34 silly get     'x-timer': 'S1484129602.544891,VS0,VE1110' } ]
35 silly fetchPackageMetaData Error: package could not be found. : unityeditor-cloud-hub-0.0.1.tgz
35 silly fetchPackageMetaData     at makeError (D:\Program Files\Unity\Editor\Data\Tools\nodejs\node_modules\npm\node_modules\npm-registry-client\lib\request.js:263:12)
35 silly fetchPackageMetaData     at CachingRegistryClient.<anonymous> (D:\Program Files\Unity\Editor\Data\Tools\nodejs\node_modules\npm\node_modules\npm-registry-client\lib\request.js:251:14)
35 silly fetchPackageMetaData     at Request._callback (D:\Program Files\Unity\Editor\Data\Tools\nodejs\node_modules\npm\node_modules\npm-registry-client\lib\request.js:171:14)
35 silly fetchPackageMetaData     at Request.self.callback (D:\Program Files\Unity\Editor\Data\Tools\nodejs\node_modules\npm\node_modules\request\request.js:198:22)
35 silly fetchPackageMetaData     at Request.emit (events.js:110:17)
35 silly fetchPackageMetaData     at Request.<anonymous> (D:\Program Files\Unity\Editor\Data\Tools\nodejs\node_modules\npm\node_modules\request\request.js:1073:14)
35 silly fetchPackageMetaData     at Request.emit (events.js:129:20)
35 silly fetchPackageMetaData     at IncomingMessage.<anonymous> (D:\Program Files\Unity\Editor\Data\Tools\nodejs\node_modules\npm\node_modules\request\request.js:1019:12)
35 silly fetchPackageMetaData     at IncomingMessage.emit (events.js:129:20)
35 silly fetchPackageMetaData     at _stream_readable.js:908:16
35 silly fetchPackageMetaData  error for unityeditor-cloud-hub-0.0.1.tgz { [Error: package could not be found. : unityeditor-cloud-hub-0.0.1.tgz]
35 silly fetchPackageMetaData   pkgid: 'unityeditor-cloud-hub-0.0.1.tgz',
35 silly fetchPackageMetaData   statusCode: 404,
35 silly fetchPackageMetaData   code: 'E404' }
36 silly rollbackFailedOptional Starting
37 silly rollbackFailedOptional Finishing
38 silly runTopLevelLifecycles Starting
39 silly runTopLevelLifecycles Finishing
40 silly install printInstalled
41 verbose stack Error: package could not be found. : unity-editor-home-0.0.7.tgz
41 verbose stack     at makeError (D:\Program Files\Unity\Editor\Data\Tools\nodejs\node_modules\npm\node_modules\npm-registry-client\lib\request.js:263:12)
41 verbose stack     at CachingRegistryClient.<anonymous> (D:\Program Files\Unity\Editor\Data\Tools\nodejs\node_modules\npm\node_modules\npm-registry-client\lib\request.js:251:14)
41 verbose stack     at Request._callback (D:\Program Files\Unity\Editor\Data\Tools\nodejs\node_modules\npm\node_modules\npm-registry-client\lib\request.js:171:14)
41 verbose stack     at Request.self.callback (D:\Program Files\Unity\Editor\Data\Tools\nodejs\node_modules\npm\node_modules\request\request.js:198:22)
41 verbose stack     at Request.emit (events.js:110:17)
41 verbose stack     at Request.<anonymous> (D:\Program Files\Unity\Editor\Data\Tools\nodejs\node_modules\npm\node_modules\request\request.js:1073:14)
41 verbose stack     at Request.emit (events.js:129:20)
41 verbose stack     at IncomingMessage.<anonymous> (D:\Program Files\Unity\Editor\Data\Tools\nodejs\node_modules\npm\node_modules\request\request.js:1019:12)
41 verbose stack     at IncomingMessage.emit (events.js:129:20)
41 verbose stack     at _stream_readable.js:908:16
42 verbose statusCode 404
43 verbose pkgid unity-editor-home-0.0.7.tgz
44 verbose cwd d:\python project
45 error Windows_NT 6.1.7601
46 error argv "D:\\Program Files\\Unity\\Editor\\Data\\Tools\\nodejs\\\\node.exe" "D:\\Program Files\\Unity\\Editor\\Data\\Tools\\nodejs\\node_modules\\npm\\bin\\npm-cli.js" "install" "unity-editor-home-0.0.7.tgz" "unityeditor-cloud-hub-0.0.1.tgz" "--cache=./.npm" "--json"
47 error node v0.12.7
48 error npm  v3.3.3
49 error code E404
50 error 404 package could not be found. : unity-editor-home-0.0.7.tgz
50 error 404
50 error 404 'unity-editor-home-0.0.7.tgz' is not in the npm registry.
50 error 404 You should bug the author to publish it (or use the name yourself!)
50 error 404
50 error 404 Note that you can also install from a
50 error 404 tarball, folder, http url, or git url.
51 verbose exit [ 1, true ]
